[debug] [2025-09-28T12:39:32.645Z] ----------------------------------------------------------------------
[debug] [2025-09-28T12:39:32.647Z] Command:       C:\Program Files\nodejs\node.exe C:\Users\солдатенко евгений\AppData\Roaming\npm\node_modules\firebase-tools\lib\bin\firebase.js init functions
[debug] [2025-09-28T12:39:32.647Z] CLI Version:   14.17.0
[debug] [2025-09-28T12:39:32.647Z] Platform:      win32
[debug] [2025-09-28T12:39:32.647Z] Node Version:  v22.14.0
[debug] [2025-09-28T12:39:32.648Z] Time:          Sun Sep 28 2025 15:39:32 GMT+0300 (Москва, стандартное время)
[debug] [2025-09-28T12:39:32.648Z] ----------------------------------------------------------------------
[debug] 
[debug] [2025-09-28T12:39:32.649Z] >>> [apiv2][query] GET https://firebase-public.firebaseio.com/cli.json [none]
[debug] [2025-09-28T12:39:32.677Z] > command requires scopes: ["email","openid","https://www.googleapis.com/auth/cloudplatformprojects.readonly","https://www.googleapis.com/auth/firebase","https://www.googleapis.com/auth/cloud-platform"]
[debug] [2025-09-28T12:39:32.678Z] > authorizing via signed-in user (evgsoldatenko@gmail.com)
[info] 
     ######## #### ########  ######## ########     ###     ######  ########
     ##        ##  ##     ## ##       ##     ##  ##   ##  ##       ##
     ######    ##  ########  ######   ########  #########  ######  ######
     ##        ##  ##    ##  ##       ##     ## ##     ##       ## ##
     ##       #### ##     ## ######## ########  ##     ##  ######  ########

You're about to initialize a Firebase project in this directory:

  C:\Users\солдатенко евгений\Desktop\beauty

[debug] [2025-09-28T12:39:32.994Z] <<< [apiv2][status] GET https://firebase-public.firebaseio.com/cli.json 200
[debug] [2025-09-28T12:39:32.995Z] <<< [apiv2][body] GET https://firebase-public.firebaseio.com/cli.json {"cloudBuildErrorAfter":1594252800000,"cloudBuildWarnAfter":1590019200000,"defaultNode10After":1594252800000,"minVersion":"3.0.5","node8DeploysDisabledAfter":1613390400000,"node8RuntimeDisabledAfter":1615809600000,"node8WarnAfter":1600128000000}
[debug] [2025-09-28T12:39:43.272Z] ExitPromptError: User force closed the prompt with SIGINT
    at Interface.sigint (C:\Users\солдатенко евгений\AppData\Roaming\npm\node_modules\firebase-tools\node_modules\@inquirer\core\dist\commonjs\lib\create-prompt.js:101:37)
    at Interface.emit (node:events:518:28)
    at Interface.emit (node:domain:489:12)
    at [_ttyWrite] [as _ttyWrite] (node:internal/readline/interface:1124:18)
    at ReadStream.onkeypress (node:internal/readline/interface:263:20)
    at ReadStream.emit (node:events:530:35)
    at ReadStream.emit (node:domain:489:12)
    at emitKeys (node:internal/readline/utils:370:14)
    at emitKeys.next (<anonymous>)
    at ReadStream.onData (node:internal/readline/emitKeypressEvents:64:36)
[error] 
[error] Error: An unexpected error has occurred.
